NAnt 0.92 (Build 0.92.4543.0; release; 09/06/2012)
Copyright (C) 2001-2012 Gerry Shaw
http://nant.sourceforge.net

Buildfile: file:///C:/Developpement/Applications/pmml4net/pmml4net.build
Target framework: Microsoft .NET Framework 2.0
Target(s) specified: test 


clean:

   [delete] Deleting directory 'C:\Developpement\Applications\pmml4net\build'.

init:

    [mkdir] Creating directory 'C:\Developpement\Applications\pmml4net\build'.

compile-pmml4net:

      [csc] Compiling 4 files to 'C:\Developpement\Applications\pmml4net\build\pmml4net.dll'.

compile-pmml4net-tests:

     [copy] Copying 1 file to 'C:\Developpement\Applications\pmml4net\build\'.
      [csc] Compiling 2 files to 'C:\Developpement\Applications\pmml4net\build\pmml4net.tests.dll'.

compileTest:


test:

     [copy] Copying 1 file to 'C:\Developpement\Applications\pmml4net\build'.

BUILD SUCCEEDED

Total time: 1.7 seconds.

